<?xml version="1.0" encoding="UTF-8"?>
<!-- Generated by org.testng.reporters.JUnitXMLReporter -->
<testsuite ignored="0" hostname="Shantanu-PC" failures="0" tests="5" name="RegessionTest" time="206.809" errors="0" timestamp="2025-11-09T21:41:49 GMT+06:00">
  <testcase classname="testCasesofPages.TestCaseOfCartPage" name="verifyExactProductCartQuantityDisplayedInCartPage" time="3.147"/>
  <testcase classname="testCasesofPages.TestCaseOfSignUp_LoginPage" name="VerifySuccessfullyNavigateToSignUp_LoginPage" time="1.077"/>
  <testcase classname="testCasesofPages.TestCaseOfSignUp_LoginPage" name="VerifySignUpFuncationalityWhenEmailFieldIsEmpty" time="0.934"/>
  <testcase classname="testCasesofPages.TestCaseOfSignUp_LoginPage" name="VerifySignUpFuncationalityWhenNameFieldIsEmpty" time="0.9"/>
  <testcase classname="testCasesofPages.TestCaseOfSignUp_LoginPage" name="VerifySignUpFuncationalityWhenNameFieldAndEmailFieldAreEmpty" time="0.827"/>
</testsuite> <!-- RegessionTest -->
