<?xml version="1.0" encoding="UTF-8"?>
<!-- Generated by org.testng.reporters.JUnitXMLReporter -->
<testsuite ignored="0" hostname="Shantanu-PC" failures="0" tests="5" name="Default test" time="57.776" errors="0" timestamp="2025-11-09T20:52:55 GMT+06:00">
  <testcase classname="testCasesofPages.TestCaseOfSignUp_LoginPage" name="VerifySuccessfullyNavigateToSignUp_LoginPage" time="0.717"/>
  <testcase classname="testCasesofPages.TestCaseOfSignUp_LoginPage" name="VerifySignUpFuncationalityWhenEmailFieldIsEmpty" time="0.857"/>
  <testcase classname="testCasesofPages.TestCaseOfSignUp_LoginPage" name="VerifySignUpFuncationalityWhenNameFieldIsEmpty" time="0.806"/>
  <testcase classname="testCasesofPages.TestCaseOfSignUp_LoginPage" name="VerifySignUpFuncationalityWhenNameFieldAndEmailFieldAreEmpty" time="0.734"/>
  <testcase classname="testCasesofPages.TestCaseOfSignUp_LoginPage" name="VerifySignUpFuncationalityWhenNameFieldAndEmailFieldAreFilledUp" time="1.35"/>
</testsuite> <!-- Default test -->
