<?xml version="1.0" encoding="UTF-8"?>
<!-- Generated by org.testng.reporters.JUnitXMLReporter -->
<testsuite ignored="0" hostname="Shantanu-PC" failures="0" tests="2" name="Test" time="16.23" errors="0" timestamp="2025-10-12T00:50:13 GMT+06:00">
  <testcase classname="testCasesofPages.TestCaseOfAllProductsPage" name="VerifyRelatedAllSearchProductsAreVisible" time="4.909"/>
  <testcase classname="testCasesofPages.TestCaseOfCartPage" name="verifyExactProductCartQuantityDisplayedInCartPage" time="2.852"/>
</testsuite> <!-- Test -->
