<?xml version="1.0" encoding="UTF-8"?>
<testng-results ignored="0" total="2" passed="2" failed="0" skipped="0">
  <reporter-output>
  </reporter-output>
  <suite started-at="2025-10-12T00:49:56 GMT+06:00" name="Suite" finished-at="2025-10-12T00:50:12 GMT+06:00" duration-ms="16230">
    <groups>
    </groups>
    <test started-at="2025-10-12T00:49:56 GMT+06:00" name="Test" finished-at="2025-10-12T00:50:12 GMT+06:00" duration-ms="16230">
      <class name="testCasesofPages.TestCaseOfAllProductsPage">
        <test-method is-config="true" signature="SetUp()[pri:0, instance:testCasesofPages.TestCaseOfAllProductsPage@402bba4f]" started-at="2025-10-12T00:49:56 GMT+06:00" name="SetUp" finished-at="2025-10-12T00:50:01 GMT+06:00" duration-ms="4733" status="PASS">
          <reporter-output>
          </reporter-output>
        </test-method> <!-- SetUp -->
        <test-method signature="VerifyRelatedAllSearchProductsAreVisible()[pri:1, instance:testCasesofPages.TestCaseOfAllProductsPage@402bba4f]" started-at="2025-10-12T00:50:01 GMT+06:00" name="VerifyRelatedAllSearchProductsAreVisible" finished-at="2025-10-12T00:50:06 GMT+06:00" duration-ms="4909" status="PASS">
          <reporter-output>
          </reporter-output>
        </test-method> <!-- VerifyRelatedAllSearchProductsAreVisible -->
        <test-method is-config="true" signature="TearDown()[pri:0, instance:testCasesofPages.TestCaseOfAllProductsPage@402bba4f]" started-at="2025-10-12T00:50:06 GMT+06:00" name="TearDown" finished-at="2025-10-12T00:50:06 GMT+06:00" duration-ms="113" status="PASS">
          <reporter-output>
          </reporter-output>
        </test-method> <!-- TearDown -->
      </class> <!-- testCasesofPages.TestCaseOfAllProductsPage -->
      <class name="testCasesofPages.TestCaseOfCartPage">
        <test-method is-config="true" signature="SetUp()[pri:0, instance:testCasesofPages.TestCaseOfCartPage@294425a7]" started-at="2025-10-12T00:50:06 GMT+06:00" name="SetUp" finished-at="2025-10-12T00:50:09 GMT+06:00" duration-ms="3361" status="PASS">
          <reporter-output>
          </reporter-output>
        </test-method> <!-- SetUp -->
        <test-method signature="verifyExactProductCartQuantityDisplayedInCartPage()[pri:1, instance:testCasesofPages.TestCaseOfCartPage@294425a7]" started-at="2025-10-12T00:50:09 GMT+06:00" name="verifyExactProductCartQuantityDisplayedInCartPage" finished-at="2025-10-12T00:50:12 GMT+06:00" duration-ms="2852" status="PASS">
          <reporter-output>
          </reporter-output>
        </test-method> <!-- verifyExactProductCartQuantityDisplayedInCartPage -->
        <test-method is-config="true" signature="TearDown()[pri:0, instance:testCasesofPages.TestCaseOfCartPage@294425a7]" started-at="2025-10-12T00:50:12 GMT+06:00" name="TearDown" finished-at="2025-10-12T00:50:12 GMT+06:00" duration-ms="125" status="PASS">
          <reporter-output>
          </reporter-output>
        </test-method> <!-- TearDown -->
      </class> <!-- testCasesofPages.TestCaseOfCartPage -->
    </test> <!-- Test -->
  </suite> <!-- Suite -->
</testng-results>
