<?xml version="1.0" encoding="UTF-8"?>
<testng-results ignored="0" total="7" passed="7" failed="0" skipped="0">
  <reporter-output>
  </reporter-output>
  <suite started-at="2025-11-09T20:58:15 GMT+06:00" name="RegressionSuite" finished-at="2025-11-09T21:00:22 GMT+06:00" duration-ms="127567">
    <groups>
    </groups>
    <test started-at="2025-11-09T20:58:15 GMT+06:00" name="RegessionTest" finished-at="2025-11-09T21:00:22 GMT+06:00" duration-ms="127567">
      <class name="testCasesofPages.TestCaseOfAllProductsPage">
        <test-method is-config="true" signature="SetUp()[pri:0, instance:testCasesofPages.TestCaseOfAllProductsPage@7ec7ffd3]" started-at="2025-11-09T21:00:07 GMT+06:00" name="SetUp" finished-at="2025-11-09T21:00:18 GMT+06:00" duration-ms="10972" status="PASS">
          <reporter-output>
          </reporter-output>
        </test-method> <!-- SetUp -->
        <test-method signature="VerifyRelatedAllSearchProductsAreVisible()[pri:1, instance:testCasesofPages.TestCaseOfAllProductsPage@7ec7ffd3]" started-at="2025-11-09T21:00:18 GMT+06:00" name="VerifyRelatedAllSearchProductsAreVisible" finished-at="2025-11-09T21:00:22 GMT+06:00" duration-ms="4373" status="PASS">
          <reporter-output>
          </reporter-output>
        </test-method> <!-- VerifyRelatedAllSearchProductsAreVisible -->
        <test-method is-config="true" signature="TearDown()[pri:0, instance:testCasesofPages.TestCaseOfAllProductsPage@7ec7ffd3]" started-at="2025-11-09T21:00:22 GMT+06:00" name="TearDown" finished-at="2025-11-09T21:00:22 GMT+06:00" duration-ms="116" status="PASS">
          <reporter-output>
          </reporter-output>
        </test-method> <!-- TearDown -->
      </class> <!-- testCasesofPages.TestCaseOfAllProductsPage -->
      <class name="testCasesofPages.TestCaseOfSignUp_LoginPage">
        <test-method is-config="true" signature="SetUp()[pri:0, instance:testCasesofPages.TestCaseOfSignUp_LoginPage@5876a9af]" started-at="2025-11-09T20:58:24 GMT+06:00" name="SetUp" finished-at="2025-11-09T20:59:39 GMT+06:00" duration-ms="74788" status="PASS">
          <reporter-output>
          </reporter-output>
        </test-method> <!-- SetUp -->
        <test-method signature="VerifySuccessfullyNavigateToSignUp_LoginPage()[pri:0, instance:testCasesofPages.TestCaseOfSignUp_LoginPage@5876a9af]" started-at="2025-11-09T20:59:39 GMT+06:00" name="VerifySuccessfullyNavigateToSignUp_LoginPage" finished-at="2025-11-09T20:59:40 GMT+06:00" duration-ms="1039" status="PASS">
          <reporter-output>
          </reporter-output>
        </test-method> <!-- VerifySuccessfullyNavigateToSignUp_LoginPage -->
        <test-method is-config="true" signature="TearDown()[pri:0, instance:testCasesofPages.TestCaseOfSignUp_LoginPage@5876a9af]" started-at="2025-11-09T20:59:40 GMT+06:00" name="TearDown" finished-at="2025-11-09T20:59:40 GMT+06:00" duration-ms="157" status="PASS">
          <reporter-output>
          </reporter-output>
        </test-method> <!-- TearDown -->
        <test-method is-config="true" signature="SetUp()[pri:0, instance:testCasesofPages.TestCaseOfSignUp_LoginPage@5876a9af]" started-at="2025-11-09T20:59:40 GMT+06:00" name="SetUp" finished-at="2025-11-09T20:59:50 GMT+06:00" duration-ms="10514" status="PASS">
          <reporter-output>
          </reporter-output>
        </test-method> <!-- SetUp -->
        <test-method signature="VerifySignUpFuncationalityWhenEmailFieldIsEmpty()[pri:1, instance:testCasesofPages.TestCaseOfSignUp_LoginPage@5876a9af]" started-at="2025-11-09T20:59:50 GMT+06:00" name="VerifySignUpFuncationalityWhenEmailFieldIsEmpty" finished-at="2025-11-09T20:59:51 GMT+06:00" duration-ms="736" status="PASS">
          <reporter-output>
          </reporter-output>
        </test-method> <!-- VerifySignUpFuncationalityWhenEmailFieldIsEmpty -->
        <test-method is-config="true" signature="TearDown()[pri:0, instance:testCasesofPages.TestCaseOfSignUp_LoginPage@5876a9af]" started-at="2025-11-09T20:59:51 GMT+06:00" name="TearDown" finished-at="2025-11-09T20:59:51 GMT+06:00" duration-ms="293" status="PASS">
          <reporter-output>
          </reporter-output>
        </test-method> <!-- TearDown -->
        <test-method is-config="true" signature="SetUp()[pri:0, instance:testCasesofPages.TestCaseOfSignUp_LoginPage@5876a9af]" started-at="2025-11-09T20:59:51 GMT+06:00" name="SetUp" finished-at="2025-11-09T20:59:56 GMT+06:00" duration-ms="4440" status="PASS">
          <reporter-output>
          </reporter-output>
        </test-method> <!-- SetUp -->
        <test-method signature="VerifySignUpFuncationalityWhenNameFieldIsEmpty()[pri:2, instance:testCasesofPages.TestCaseOfSignUp_LoginPage@5876a9af]" started-at="2025-11-09T20:59:56 GMT+06:00" name="VerifySignUpFuncationalityWhenNameFieldIsEmpty" finished-at="2025-11-09T20:59:57 GMT+06:00" duration-ms="1075" status="PASS">
          <reporter-output>
          </reporter-output>
        </test-method> <!-- VerifySignUpFuncationalityWhenNameFieldIsEmpty -->
        <test-method is-config="true" signature="TearDown()[pri:0, instance:testCasesofPages.TestCaseOfSignUp_LoginPage@5876a9af]" started-at="2025-11-09T20:59:57 GMT+06:00" name="TearDown" finished-at="2025-11-09T20:59:57 GMT+06:00" duration-ms="109" status="PASS">
          <reporter-output>
          </reporter-output>
        </test-method> <!-- TearDown -->
        <test-method is-config="true" signature="SetUp()[pri:0, instance:testCasesofPages.TestCaseOfSignUp_LoginPage@5876a9af]" started-at="2025-11-09T20:59:57 GMT+06:00" name="SetUp" finished-at="2025-11-09T21:00:01 GMT+06:00" duration-ms="4036" status="PASS">
          <reporter-output>
          </reporter-output>
        </test-method> <!-- SetUp -->
        <test-method signature="VerifySignUpFuncationalityWhenNameFieldAndEmailFieldAreEmpty()[pri:3, instance:testCasesofPages.TestCaseOfSignUp_LoginPage@5876a9af]" started-at="2025-11-09T21:00:01 GMT+06:00" name="VerifySignUpFuncationalityWhenNameFieldAndEmailFieldAreEmpty" finished-at="2025-11-09T21:00:02 GMT+06:00" duration-ms="682" status="PASS">
          <reporter-output>
          </reporter-output>
        </test-method> <!-- VerifySignUpFuncationalityWhenNameFieldAndEmailFieldAreEmpty -->
        <test-method is-config="true" signature="TearDown()[pri:0, instance:testCasesofPages.TestCaseOfSignUp_LoginPage@5876a9af]" started-at="2025-11-09T21:00:02 GMT+06:00" name="TearDown" finished-at="2025-11-09T21:00:02 GMT+06:00" duration-ms="175" status="PASS">
          <reporter-output>
          </reporter-output>
        </test-method> <!-- TearDown -->
        <test-method is-config="true" signature="SetUp()[pri:0, instance:testCasesofPages.TestCaseOfSignUp_LoginPage@5876a9af]" started-at="2025-11-09T21:00:02 GMT+06:00" name="SetUp" finished-at="2025-11-09T21:00:05 GMT+06:00" duration-ms="3296" status="PASS">
          <reporter-output>
          </reporter-output>
        </test-method> <!-- SetUp -->
        <test-method signature="VerifySignUpFuncationalityWhenNameFieldAndEmailFieldAreFilledUp()[pri:4, instance:testCasesofPages.TestCaseOfSignUp_LoginPage@5876a9af]" started-at="2025-11-09T21:00:05 GMT+06:00" name="VerifySignUpFuncationalityWhenNameFieldAndEmailFieldAreFilledUp" finished-at="2025-11-09T21:00:07 GMT+06:00" duration-ms="1512" status="PASS">
          <reporter-output>
          </reporter-output>
        </test-method> <!-- VerifySignUpFuncationalityWhenNameFieldAndEmailFieldAreFilledUp -->
        <test-method is-config="true" signature="TearDown()[pri:0, instance:testCasesofPages.TestCaseOfSignUp_LoginPage@5876a9af]" started-at="2025-11-09T21:00:07 GMT+06:00" name="TearDown" finished-at="2025-11-09T21:00:07 GMT+06:00" duration-ms="179" status="PASS">
          <reporter-output>
          </reporter-output>
        </test-method> <!-- TearDown -->
      </class> <!-- testCasesofPages.TestCaseOfSignUp_LoginPage -->
      <class name="testCasesofPages.TestCaseOfCartPage">
        <test-method is-config="true" signature="SetUp()[pri:0, instance:testCasesofPages.TestCaseOfCartPage@384ad17b]" started-at="2025-11-09T20:58:15 GMT+06:00" name="SetUp" finished-at="2025-11-09T20:58:21 GMT+06:00" duration-ms="5810" status="PASS">
          <reporter-output>
          </reporter-output>
        </test-method> <!-- SetUp -->
        <test-method signature="verifyExactProductCartQuantityDisplayedInCartPage()[pri:1, instance:testCasesofPages.TestCaseOfCartPage@384ad17b]" started-at="2025-11-09T20:58:21 GMT+06:00" name="verifyExactProductCartQuantityDisplayedInCartPage" finished-at="2025-11-09T20:58:24 GMT+06:00" duration-ms="2902" status="PASS">
          <reporter-output>
          </reporter-output>
        </test-method> <!-- verifyExactProductCartQuantityDisplayedInCartPage -->
        <test-method is-config="true" signature="TearDown()[pri:0, instance:testCasesofPages.TestCaseOfCartPage@384ad17b]" started-at="2025-11-09T20:58:24 GMT+06:00" name="TearDown" finished-at="2025-11-09T20:58:24 GMT+06:00" duration-ms="117" status="PASS">
          <reporter-output>
          </reporter-output>
        </test-method> <!-- TearDown -->
      </class> <!-- testCasesofPages.TestCaseOfCartPage -->
    </test> <!-- RegessionTest -->
  </suite> <!-- RegressionSuite -->
</testng-results>
