<?xml version="1.0" encoding="UTF-8"?>
<!-- Generated by org.testng.reporters.JUnitReportReporter -->
<testsuite hostname="Shantanu-PC" failures="0" tests="5" name="testCasesofPages.TestCaseOfSignUp_LoginPage" time="103.031" errors="0" timestamp="2025-11-09T21:00:23 GMT+06:00" skipped="0">
  <testcase classname="testCasesofPages.TestCaseOfSignUp_LoginPage" name="VerifySuccessfullyNavigateToSignUp_LoginPage" time="5.658"/>
  <testcase classname="testCasesofPages.TestCaseOfSignUp_LoginPage" name="VerifySignUpFuncationalityWhenEmailFieldIsEmpty" time="4.141"/>
  <testcase classname="testCasesofPages.TestCaseOfSignUp_LoginPage" name="VerifySignUpFuncationalityWhenNameFieldIsEmpty" time="76.038"/>
  <testcase classname="testCasesofPages.TestCaseOfSignUp_LoginPage" name="VerifySignUpFuncationalityWhenNameFieldAndEmailFieldAreEmpty" time="5.011"/>
  <testcase classname="testCasesofPages.TestCaseOfSignUp_LoginPage" name="VerifySignUpFuncationalityWhenNameFieldAndEmailFieldAreFilledUp" time="12.183"/>
</testsuite> <!-- testCasesofPages.TestCaseOfSignUp_LoginPage -->
